\BOOKMARK [0][-]{chapter.1}{\376\377\000P\000o\000r\000t\000\341\000l\000y\000\040\000d\000i\000g\000i\000t\000\341\000l\000n\000e\000h\000o\000\040\000k\000u\000l\000t\000\372\000r\000n\000e\000h\000o\000\040\000d\000e\000d\000i\001\015\000s\000t\000v\000a}{}% 1
\BOOKMARK [1][-]{section.1.1}{\040Probl\351my\040existuj\372cich\040rie\235en\355}{chapter.1}% 2
\BOOKMARK [2][-]{subsection.1.1.1}{\040Zobrazenie\040kni\236n\375ch\040d\341t}{section.1.1}% 3
\BOOKMARK [2][-]{subsection.1.1.2}{\376\377\000\040\000R\000e\000a\000l\000i\000z\000\341\000c\000i\000a\000\040\000v\000y\000h\001\076\000a\000d\000\341\000v\000a\000n\000i\000a}{section.1.1}% 4
\BOOKMARK [1][-]{section.1.2}{\376\377\000\040\000P\000o\000u\001\015\000e\000n\000i\000e\000\040\000o\000\040\000t\000v\000o\000r\000b\000e\000\040\000p\000o\000r\000t\000\341\000l\000o\000v\000\040\000k\000u\000l\000t\000\372\000r\000n\000e\000h\000o\000\040\000d\000e\000d\000i\001\015\000s\000t\000v\000a}{chapter.1}% 5
\BOOKMARK [0][-]{chapter.2}{Anal\375za}{}% 6
\BOOKMARK [1][-]{section.2.1}{\040Po\236iadavky\040z\341kazn\355ka}{chapter.2}% 7
\BOOKMARK [2][-]{subsection.2.1.1}{\040Kateg\363rie\040dokumentov}{section.2.1}% 8
\BOOKMARK [2][-]{subsection.2.1.2}{\040Dokumenty\040arch\355vnych\040fondov\040a\040m\372zejn\375ch\040zbierok}{section.2.1}% 9
\BOOKMARK [2][-]{subsection.2.1.3}{\376\377\000\040\000D\000o\000k\000u\000m\000e\000n\000t\000y\000\040\000k\000n\000i\001\176\000n\000i\001\015\000n\000\375\000c\000h\000\040\000f\000o\000n\000d\000o\000v\000\040\000p\000o\000d\001\076\000a\000\040\001\141\000t\000a\000n\000d\000a\000r\000d\000o\000v\000\040\000N\000D\000K}{section.2.1}% 10
\BOOKMARK [2][-]{subsection.2.1.4}{\040Typy\040dokumentov}{section.2.1}% 11
\BOOKMARK [2][-]{subsection.2.1.5}{\040Vstup\040dokumentov}{section.2.1}% 12
\BOOKMARK [2][-]{subsection.2.1.6}{\040Pr\355prava\040dokumentov\040k\040spr\355stupneniu}{section.2.1}% 13
\BOOKMARK [2][-]{subsection.2.1.7}{\040Oper\341cie\040nad\040zverejnen\375mi\040dokumentmi}{section.2.1}% 14
\BOOKMARK [1][-]{section.2.2}{\040N\341vrh\040rie\235enia}{chapter.2}% 15
\BOOKMARK [2][-]{subsection.2.2.1}{\376\377\000\040\000G\000r\000a\000f\000i\000c\000k\000\375\000\040\000v\000z\000h\001\076\000a\000d}{section.2.2}% 16
\BOOKMARK [0][-]{chapter.3}{Technol\363gie}{}% 17
\BOOKMARK [1][-]{section.3.1}{\040Index\341cia}{chapter.3}% 18
\BOOKMARK [2][-]{subsection.3.1.1}{\376\377\000\040\000V\000\375\000b\000e\000r\000\040\000v\000y\000h\001\076\000a\000d\000\341\000v\000a\000c\000i\000e\000h\000o\000\040\000n\000\341\000s\000t\000r\000o\000j\000a}{section.3.1}% 19
\BOOKMARK [2][-]{subsection.3.1.2}{\040Elastic}{section.3.1}% 20
\BOOKMARK [2][-]{subsection.3.1.3}{\376\377\000\040\001\016\000a\000l\001\141\000i\000e\000\040\000m\000o\001\176\000n\000o\000s\000t\000i\000\040\000v\000y\000h\001\076\000a\000d\000\341\000v\000a\000n\000i\000a}{section.3.1}% 21
\BOOKMARK [0][-]{chapter.4}{These\040are}{}% 22
\BOOKMARK [1][-]{section.4.1}{\040the\040available}{chapter.4}% 23
\BOOKMARK [2][-]{subsection.4.1.1}{\040sectioning}{section.4.1}% 24
\BOOKMARK [0][-]{chapter.5}{Floats\040and\040references}{}% 25
\BOOKMARK [0][-]{chapter.6}{Mathematical\040equations}{}% 26
\BOOKMARK [0][-]{chapter.7}{We\040have\040several\040fonts\040at\040disposal}{}% 27
\BOOKMARK [0][-]{chapter.8}{Inserting\040the\040bibliography}{}% 28
\BOOKMARK [0][-]{chapter.9}{Inserting\040the\040index}{}% 29
\BOOKMARK [0][-]{section*.16}{Register}{}% 30
\BOOKMARK [0][-]{appendix.A}{An\040appendix}{}% 31
